2014-12-04 15:40:48,227 INFO HikariDataSource HikariCP pool HikariPool-0 is starting.
2014-12-04 15:40:48,786 INFO RenameHelpers$ Starting Rename for Year: 1920
2014-12-04 15:40:51,764 WARN RenameHelpers$ New File already exists in output directory!  Volume: 76 ,Page: 339 ,Filename: 00000213 ,NewFilename: 1920076339
2014-12-04 15:40:52,746 WARN RenameHelpers$ New File already exists in output directory!  Volume: 76 ,Page: 576 ,Filename: 00000340 ,NewFilename: 1920076576
2014-12-04 15:40:53,290 WARN RenameHelpers$ New File already exists in output directory!  Volume: 77 ,Page: 237 ,Filename: 00000422 ,NewFilename: 1920077237
2014-12-04 15:40:53,336 WARN RenameHelpers$ New File already exists in output directory!  Volume: 77 ,Page: 247 ,Filename: 00000429 ,NewFilename: 1920077247
2014-12-04 15:40:53,407 WARN RenameHelpers$ New File already exists in output directory!  Volume: 77 ,Page: 259 ,Filename: 00000440 ,NewFilename: 1920077259
2014-12-04 15:40:53,904 WARN RenameHelpers$ New File already exists in output directory!  Volume: 77 ,Page: 344 ,Filename: 00000504 ,NewFilename: 1920077344
2014-12-04 15:40:54,115 WARN RenameHelpers$ New File already exists in output directory!  Volume: 77 ,Page: 393 ,Filename: 00000538 ,NewFilename: 1920077393
2014-12-04 15:40:54,225 WARN RenameHelpers$ New File already exists in output directory!  Volume: 77 ,Page: 415 ,Filename: 00000554 ,NewFilename: 1920077415
2014-12-04 15:40:54,231 WARN RenameHelpers$ New File already exists in output directory!  Volume: 77 ,Page: 417 ,Filename: 00000557 ,NewFilename: 1920077417
2014-12-04 15:40:54,366 WARN RenameHelpers$ New File already exists in output directory!  Volume: 77 ,Page: 447 ,Filename: 00000578 ,NewFilename: 1920077447
2014-12-04 15:40:54,387 WARN RenameHelpers$ New File already exists in output directory!  Volume: 77 ,Page: 452 ,Filename: 00000582 ,NewFilename: 1920077452
2014-12-04 15:40:54,452 WARN RenameHelpers$ New File already exists in output directory!  Volume: 77 ,Page: 467 ,Filename: 00000591 ,NewFilename: 1920077467
2014-12-04 15:40:54,462 WARN RenameHelpers$ New File already exists in output directory!  Volume: 77 ,Page: 470 ,Filename: 00000595 ,NewFilename: 1920077470
2014-12-04 15:40:54,558 WARN RenameHelpers$ New File already exists in output directory!  Volume: 77 ,Page: 490 ,Filename: 00000613 ,NewFilename: 1920077490
2014-12-04 15:40:54,769 WARN RenameHelpers$ New File already exists in output directory!  Volume: 77 ,Page: 540 ,Filename: 00000648 ,NewFilename: 1920077540
2014-12-04 15:40:54,926 WARN RenameHelpers$ New File already exists in output directory!  Volume: 77 ,Page: 575 ,Filename: 00000675 ,NewFilename: 1920077575
2014-12-04 15:40:55,044 WARN RenameHelpers$ New File already exists in output directory!  Volume: 77 ,Page: 608 ,Filename: 00000693 ,NewFilename: 1920077608
2014-12-04 15:40:55,124 WARN RenameHelpers$ New File already exists in output directory!  Volume: 77 ,Page: 621 ,Filename: 00000702 ,NewFilename: 1920077621
2014-12-04 15:40:55,181 WARN RenameHelpers$ New File already exists in output directory!  Volume: 77 ,Page: 638 ,Filename: 00000713 ,NewFilename: 1920077638
2014-12-04 15:40:55,332 WARN RenameHelpers$ New File already exists in output directory!  Volume: 78 ,Page: 133 ,Filename: 00000803 ,NewFilename: 1920078133
2014-12-04 15:40:56,316 WARN RenameHelpers$ New File already exists in output directory!  Volume: 78 ,Page: 425 ,Filename: 00000991 ,NewFilename: 1920078425
2014-12-04 15:40:57,673 WARN RenameHelpers$ New File already exists in output directory!  Volume: 79 ,Page: 173 ,Filename: 00001265 ,NewFilename: 1920079173
2014-12-04 15:40:57,711 WARN RenameHelpers$ New File already exists in output directory!  Volume: 79 ,Page: 182 ,Filename: 00001274 ,NewFilename: 1920079182
2014-12-04 15:40:57,716 WARN RenameHelpers$ New File already exists in output directory!  Volume: 79 ,Page: 185 ,Filename: 00001277 ,NewFilename: 1920079185
2014-12-04 15:40:57,823 WARN RenameHelpers$ New File already exists in output directory!  Volume: 79 ,Page: 229 ,Filename: 00001307 ,NewFilename: 1920079229
2014-12-04 15:40:57,877 WARN RenameHelpers$ New File already exists in output directory!  Volume: 79 ,Page: 25 ,Filename: 00001330 ,NewFilename: 1920079025
2014-12-04 15:40:57,885 WARN RenameHelpers$ New File already exists in output directory!  Volume: 79 ,Page: 252 ,Filename: 00001326 ,NewFilename: 1920079252
2014-12-04 15:40:57,965 WARN RenameHelpers$ New File already exists in output directory!  Volume: 79 ,Page: 29 ,Filename: 00001164 ,NewFilename: 1920079029
2014-12-04 15:40:57,982 WARN RenameHelpers$ New File already exists in output directory!  Volume: 79 ,Page: 295 ,Filename: 00001355 ,NewFilename: 1920079295
2014-12-04 15:40:58,172 WARN RenameHelpers$ New File already exists in output directory!  Volume: 79 ,Page: 385 ,Filename: 00001418 ,NewFilename: 1920079385
2014-12-04 15:40:58,222 WARN RenameHelpers$ New File already exists in output directory!  Volume: 79 ,Page: 413 ,Filename: 00001434 ,NewFilename: 1920079413
2014-12-04 15:40:58,281 WARN RenameHelpers$ New File already exists in output directory!  Volume: 79 ,Page: 443 ,Filename: 00001459 ,NewFilename: 1920079443
2014-12-04 15:40:58,390 WARN RenameHelpers$ New File already exists in output directory!  Volume: 79 ,Page: 5 ,Filename: 00001144 ,NewFilename: 1920079005
2014-12-04 15:40:58,422 WARN RenameHelpers$ New File already exists in output directory!  Volume: 79 ,Page: 500 ,Filename: 00001495 ,NewFilename: 1920079500
2014-12-04 15:40:58,515 WARN RenameHelpers$ New File already exists in output directory!  Volume: 79 ,Page: 552 ,Filename: 00001531 ,NewFilename: 1920079552
2014-12-04 15:40:58,570 WARN RenameHelpers$ New File already exists in output directory!  Volume: 79 ,Page: 592 ,Filename: 00001556 ,NewFilename: 1920079592
2014-12-04 15:40:58,598 WARN RenameHelpers$ New File already exists in output directory!  Volume: 79 ,Page: 610 ,Filename: 00001569 ,NewFilename: 1920079610
2014-12-04 15:40:58,822 WARN RenameHelpers$ New File already exists in output directory!  Volume: 79 ,Page: 89 ,Filename: 00001211 ,NewFilename: 1920079089
2014-12-04 15:40:58,842 WARN RenameHelpers$ Original File does not exists: 01810001 for Volume: 80 ,Page: 1
2014-12-04 15:40:58,842 WARN RenameHelpers$ Original File does not exists: 00800001 for Volume: 80 ,Page: 1
2014-12-04 15:40:58,842 WARN RenameHelpers$ Original File does not exists: 00800100 for Volume: 80 ,Page: 100
2014-12-04 15:40:58,842 WARN RenameHelpers$ Original File does not exists: 00800101 for Volume: 80 ,Page: 101
2014-12-04 15:40:58,842 WARN RenameHelpers$ Original File does not exists: 00800103 for Volume: 80 ,Page: 103
2014-12-04 15:40:58,842 WARN RenameHelpers$ Original File does not exists: 00800104 for Volume: 80 ,Page: 104
2014-12-04 15:40:58,852 WARN RenameHelpers$ Original File does not exists: 00800105 for Volume: 80 ,Page: 105
2014-12-04 15:40:58,852 WARN RenameHelpers$ Original File does not exists: 00800107 for Volume: 80 ,Page: 107
2014-12-04 15:40:58,852 WARN RenameHelpers$ Original File does not exists: 00800108 for Volume: 80 ,Page: 108
2014-12-04 15:40:58,852 WARN RenameHelpers$ Original File does not exists: 00800011 for Volume: 80 ,Page: 11
2014-12-04 15:40:58,852 WARN RenameHelpers$ Original File does not exists: 00800110 for Volume: 80 ,Page: 110
2014-12-04 15:40:58,863 WARN RenameHelpers$ Original File does not exists: 00800111 for Volume: 80 ,Page: 111
2014-12-04 15:40:58,863 WARN RenameHelpers$ Original File does not exists: 00800113 for Volume: 80 ,Page: 113
2014-12-04 15:40:58,869 WARN RenameHelpers$ Original File does not exists: 00800114 for Volume: 80 ,Page: 114
2014-12-04 15:40:58,874 WARN RenameHelpers$ Original File does not exists: 00800115 for Volume: 80 ,Page: 115
2014-12-04 15:40:58,875 WARN RenameHelpers$ Original File does not exists: 00800117 for Volume: 80 ,Page: 117
2014-12-04 15:40:58,875 WARN RenameHelpers$ Original File does not exists: 00800119 for Volume: 80 ,Page: 119
2014-12-04 15:40:58,875 WARN RenameHelpers$ Original File does not exists: 00800120 for Volume: 80 ,Page: 120
2014-12-04 15:40:58,875 WARN RenameHelpers$ Original File does not exists: 00800121 for Volume: 80 ,Page: 121
2014-12-04 15:40:58,876 WARN RenameHelpers$ Original File does not exists: 00800122 for Volume: 80 ,Page: 122
2014-12-04 15:40:58,876 WARN RenameHelpers$ Original File does not exists: 00800124 for Volume: 80 ,Page: 124
2014-12-04 15:40:58,876 WARN RenameHelpers$ Original File does not exists: 00800125 for Volume: 80 ,Page: 125
2014-12-04 15:40:58,876 WARN RenameHelpers$ Original File does not exists: 00800126 for Volume: 80 ,Page: 126
2014-12-04 15:40:58,881 WARN RenameHelpers$ Original File does not exists: 00800127 for Volume: 80 ,Page: 127
2014-12-04 15:40:58,882 WARN RenameHelpers$ Original File does not exists: 00800013 for Volume: 80 ,Page: 13
2014-12-04 15:40:58,894 WARN RenameHelpers$ Original File does not exists: 00800130 for Volume: 80 ,Page: 130
2014-12-04 15:40:58,894 WARN RenameHelpers$ Original File does not exists: 00800132 for Volume: 80 ,Page: 132
2014-12-04 15:40:58,894 WARN RenameHelpers$ Original File does not exists: 00800134 for Volume: 80 ,Page: 134
2014-12-04 15:40:58,904 WARN RenameHelpers$ Original File does not exists: 00800135 for Volume: 80 ,Page: 135
2014-12-04 15:40:58,904 WARN RenameHelpers$ Original File does not exists: 00800137 for Volume: 80 ,Page: 137
2014-12-04 15:40:58,904 WARN RenameHelpers$ Original File does not exists: 00800138 for Volume: 80 ,Page: 138
2014-12-04 15:40:58,904 WARN RenameHelpers$ Original File does not exists: 00800139 for Volume: 80 ,Page: 139
2014-12-04 15:40:58,904 WARN RenameHelpers$ Original File does not exists: 00800014 for Volume: 80 ,Page: 14
2014-12-04 15:40:58,904 WARN RenameHelpers$ Original File does not exists: 00800141 for Volume: 80 ,Page: 141
2014-12-04 15:40:58,904 WARN RenameHelpers$ Original File does not exists: 00800142 for Volume: 80 ,Page: 142
2014-12-04 15:40:58,904 WARN RenameHelpers$ Original File does not exists: 00800144 for Volume: 80 ,Page: 144
2014-12-04 15:40:58,904 WARN RenameHelpers$ Original File does not exists: 00800145 for Volume: 80 ,Page: 145
2014-12-04 15:40:58,904 WARN RenameHelpers$ Original File does not exists: 00800147 for Volume: 80 ,Page: 147
2014-12-04 15:40:58,904 WARN RenameHelpers$ Original File does not exists: 00800148 for Volume: 80 ,Page: 148
2014-12-04 15:40:58,904 WARN RenameHelpers$ Original File does not exists: 00800015 for Volume: 80 ,Page: 15
2014-12-04 15:40:58,904 WARN RenameHelpers$ Original File does not exists: 00800150 for Volume: 80 ,Page: 150
2014-12-04 15:40:58,904 WARN RenameHelpers$ Original File does not exists: 00800152 for Volume: 80 ,Page: 152
2014-12-04 15:40:58,904 WARN RenameHelpers$ Original File does not exists: 00800153 for Volume: 80 ,Page: 153
2014-12-04 15:40:58,904 WARN RenameHelpers$ Original File does not exists: 00800154 for Volume: 80 ,Page: 154
2014-12-04 15:40:58,904 WARN RenameHelpers$ Original File does not exists: 00800155 for Volume: 80 ,Page: 155
2014-12-04 15:40:58,904 WARN RenameHelpers$ Original File does not exists: 00800156 for Volume: 80 ,Page: 156
2014-12-04 15:40:58,904 WARN RenameHelpers$ Original File does not exists: 00800157 for Volume: 80 ,Page: 157
2014-12-04 15:40:58,904 WARN RenameHelpers$ Original File does not exists: 00800159 for Volume: 80 ,Page: 159
2014-12-04 15:40:58,904 WARN RenameHelpers$ Original File does not exists: 00800160 for Volume: 80 ,Page: 160
2014-12-04 15:40:58,904 WARN RenameHelpers$ Original File does not exists: 00800162 for Volume: 80 ,Page: 162
2014-12-04 15:40:58,904 WARN RenameHelpers$ Original File does not exists: 00800163 for Volume: 80 ,Page: 163
2014-12-04 15:40:58,904 WARN RenameHelpers$ Original File does not exists: 00800164 for Volume: 80 ,Page: 164
2014-12-04 15:40:58,904 WARN RenameHelpers$ Original File does not exists: 00800166 for Volume: 80 ,Page: 166
2014-12-04 15:40:58,914 WARN RenameHelpers$ Original File does not exists: 00800167 for Volume: 80 ,Page: 167
2014-12-04 15:40:58,914 WARN RenameHelpers$ Original File does not exists: 00800169 for Volume: 80 ,Page: 169
2014-12-04 15:40:58,914 WARN RenameHelpers$ Original File does not exists: 00800017 for Volume: 80 ,Page: 17
2014-12-04 15:40:58,914 WARN RenameHelpers$ Original File does not exists: 00800170 for Volume: 80 ,Page: 170
2014-12-04 15:40:58,914 WARN RenameHelpers$ Original File does not exists: 00800172 for Volume: 80 ,Page: 172
2014-12-04 15:40:58,914 WARN RenameHelpers$ Original File does not exists: 00800173 for Volume: 80 ,Page: 173
2014-12-04 15:40:58,914 WARN RenameHelpers$ Original File does not exists: 00800175 for Volume: 80 ,Page: 175
2014-12-04 15:40:58,914 WARN RenameHelpers$ Original File does not exists: 00800176 for Volume: 80 ,Page: 176
2014-12-04 15:40:58,914 WARN RenameHelpers$ Original File does not exists: 00800178 for Volume: 80 ,Page: 178
2014-12-04 15:40:58,914 WARN RenameHelpers$ Original File does not exists: 00800179 for Volume: 80 ,Page: 179
2014-12-04 15:40:58,914 WARN RenameHelpers$ Original File does not exists: 00800018 for Volume: 80 ,Page: 18
2014-12-04 15:40:58,914 WARN RenameHelpers$ Original File does not exists: 00800180 for Volume: 80 ,Page: 180
2014-12-04 15:40:58,914 WARN RenameHelpers$ Original File does not exists: 00800182 for Volume: 80 ,Page: 182
2014-12-04 15:40:58,914 WARN RenameHelpers$ Original File does not exists: 00800183 for Volume: 80 ,Page: 183
2014-12-04 15:40:58,914 WARN RenameHelpers$ Original File does not exists: 00800185 for Volume: 80 ,Page: 185
2014-12-04 15:40:58,914 WARN RenameHelpers$ Original File does not exists: 00800186 for Volume: 80 ,Page: 186
2014-12-04 15:40:58,914 WARN RenameHelpers$ Original File does not exists: 00800187 for Volume: 80 ,Page: 187
2014-12-04 15:40:58,914 WARN RenameHelpers$ Original File does not exists: 00800189 for Volume: 80 ,Page: 189
2014-12-04 15:40:58,914 WARN RenameHelpers$ Original File does not exists: 00800019 for Volume: 80 ,Page: 19
2014-12-04 15:40:58,914 WARN RenameHelpers$ Original File does not exists: 00800190 for Volume: 80 ,Page: 190
2014-12-04 15:40:58,914 WARN RenameHelpers$ Original File does not exists: 00800192 for Volume: 80 ,Page: 192
2014-12-04 15:40:58,914 WARN RenameHelpers$ Original File does not exists: 00800193 for Volume: 80 ,Page: 193
2014-12-04 15:40:58,914 WARN RenameHelpers$ Original File does not exists: 00800195 for Volume: 80 ,Page: 195
2014-12-04 15:40:58,914 WARN RenameHelpers$ Original File does not exists: 00800196 for Volume: 80 ,Page: 196
2014-12-04 15:40:58,914 WARN RenameHelpers$ Original File does not exists: 00800198 for Volume: 80 ,Page: 198
2014-12-04 15:40:58,914 WARN RenameHelpers$ Original File does not exists: 00800199 for Volume: 80 ,Page: 199
2014-12-04 15:40:58,914 WARN RenameHelpers$ Original File does not exists: 00800002 for Volume: 80 ,Page: 2
2014-12-04 15:40:58,914 WARN RenameHelpers$ Original File does not exists: 00800020 for Volume: 80 ,Page: 20
2014-12-04 15:40:58,914 WARN RenameHelpers$ Original File does not exists: 00800201 for Volume: 80 ,Page: 201
2014-12-04 15:40:58,914 WARN RenameHelpers$ Original File does not exists: 00800202 for Volume: 80 ,Page: 202
2014-12-04 15:40:58,914 WARN RenameHelpers$ Original File does not exists: 00800204 for Volume: 80 ,Page: 204
2014-12-04 15:40:58,914 WARN RenameHelpers$ Original File does not exists: 00800206 for Volume: 80 ,Page: 206
2014-12-04 15:40:58,914 WARN RenameHelpers$ Original File does not exists: 00800207 for Volume: 80 ,Page: 207
2014-12-04 15:40:58,924 WARN RenameHelpers$ Original File does not exists: 00800208 for Volume: 80 ,Page: 208
2014-12-04 15:40:58,924 WARN RenameHelpers$ Original File does not exists: 00800210 for Volume: 80 ,Page: 210
2014-12-04 15:40:58,924 WARN RenameHelpers$ Original File does not exists: 00800211 for Volume: 80 ,Page: 211
2014-12-04 15:40:58,924 WARN RenameHelpers$ Original File does not exists: 00800213 for Volume: 80 ,Page: 213
2014-12-04 15:40:58,924 WARN RenameHelpers$ Original File does not exists: 00800215 for Volume: 80 ,Page: 215
2014-12-04 15:40:58,924 WARN RenameHelpers$ Original File does not exists: 00800216 for Volume: 80 ,Page: 216
2014-12-04 15:40:58,924 WARN RenameHelpers$ Original File does not exists: 00800217 for Volume: 80 ,Page: 217
2014-12-04 15:40:58,924 WARN RenameHelpers$ Original File does not exists: 00800219 for Volume: 80 ,Page: 219
2014-12-04 15:40:58,924 WARN RenameHelpers$ Original File does not exists: 00800022 for Volume: 80 ,Page: 22
2014-12-04 15:40:58,924 WARN RenameHelpers$ Original File does not exists: 00800221 for Volume: 80 ,Page: 221
2014-12-04 15:40:58,924 WARN RenameHelpers$ Original File does not exists: 00800222 for Volume: 80 ,Page: 222
2014-12-04 15:40:58,924 WARN RenameHelpers$ Original File does not exists: 00800224 for Volume: 80 ,Page: 224
2014-12-04 15:40:58,924 WARN RenameHelpers$ Original File does not exists: 00800226 for Volume: 80 ,Page: 226
2014-12-04 15:40:58,924 WARN RenameHelpers$ Original File does not exists: 00800227 for Volume: 80 ,Page: 227
2014-12-04 15:40:58,924 WARN RenameHelpers$ Original File does not exists: 00800229 for Volume: 80 ,Page: 229
2014-12-04 15:40:58,924 WARN RenameHelpers$ Original File does not exists: 00800023 for Volume: 80 ,Page: 23
2014-12-04 15:40:58,924 WARN RenameHelpers$ Original File does not exists: 00800230 for Volume: 80 ,Page: 230
2014-12-04 15:40:58,924 WARN RenameHelpers$ Original File does not exists: 00800232 for Volume: 80 ,Page: 232
2014-12-04 15:40:58,924 WARN RenameHelpers$ Original File does not exists: 00800233 for Volume: 80 ,Page: 233
2014-12-04 15:40:58,924 WARN RenameHelpers$ Original File does not exists: 00800235 for Volume: 80 ,Page: 235
2014-12-04 15:40:58,924 WARN RenameHelpers$ Original File does not exists: 00800237 for Volume: 80 ,Page: 237
2014-12-04 15:40:58,924 WARN RenameHelpers$ Original File does not exists: 00800238 for Volume: 80 ,Page: 238
2014-12-04 15:40:58,924 WARN RenameHelpers$ Original File does not exists: 00800239 for Volume: 80 ,Page: 239
2014-12-04 15:40:58,924 WARN RenameHelpers$ Original File does not exists: 00800024 for Volume: 80 ,Page: 24
2014-12-04 15:40:58,924 WARN RenameHelpers$ Original File does not exists: 00800242 for Volume: 80 ,Page: 242
2014-12-04 15:40:58,924 WARN RenameHelpers$ Original File does not exists: 00800243 for Volume: 80 ,Page: 243
2014-12-04 15:40:58,924 WARN RenameHelpers$ Original File does not exists: 00800245 for Volume: 80 ,Page: 245
2014-12-04 15:40:58,924 WARN RenameHelpers$ Original File does not exists: 00800246 for Volume: 80 ,Page: 246
2014-12-04 15:40:58,924 WARN RenameHelpers$ Original File does not exists: 00800249 for Volume: 80 ,Page: 249
2014-12-04 15:40:58,924 WARN RenameHelpers$ Original File does not exists: 00800250 for Volume: 80 ,Page: 250
2014-12-04 15:40:58,934 WARN RenameHelpers$ Original File does not exists: 00800252 for Volume: 80 ,Page: 252
2014-12-04 15:40:58,934 WARN RenameHelpers$ Original File does not exists: 00800253 for Volume: 80 ,Page: 253
2014-12-04 15:40:58,934 WARN RenameHelpers$ Original File does not exists: 00800255 for Volume: 80 ,Page: 255
2014-12-04 15:40:58,934 WARN RenameHelpers$ Original File does not exists: 00800257 for Volume: 80 ,Page: 257
2014-12-04 15:40:58,934 WARN RenameHelpers$ Original File does not exists: 00800258 for Volume: 80 ,Page: 258
2014-12-04 15:40:58,934 WARN RenameHelpers$ Original File does not exists: 00800259 for Volume: 80 ,Page: 259
2014-12-04 15:40:58,934 WARN RenameHelpers$ Original File does not exists: 00800026 for Volume: 80 ,Page: 26
2014-12-04 15:40:58,934 WARN RenameHelpers$ Original File does not exists: 00800261 for Volume: 80 ,Page: 261
2014-12-04 15:40:58,934 WARN RenameHelpers$ Original File does not exists: 00800262 for Volume: 80 ,Page: 262
2014-12-04 15:40:58,934 WARN RenameHelpers$ Original File does not exists: 00800263 for Volume: 80 ,Page: 263
2014-12-04 15:40:58,934 WARN RenameHelpers$ Original File does not exists: 00800265 for Volume: 80 ,Page: 265
2014-12-04 15:40:58,934 WARN RenameHelpers$ Original File does not exists: 00800266 for Volume: 80 ,Page: 266
2014-12-04 15:40:58,934 WARN RenameHelpers$ Original File does not exists: 00800267 for Volume: 80 ,Page: 267
2014-12-04 15:40:58,934 WARN RenameHelpers$ Original File does not exists: 00800269 for Volume: 80 ,Page: 269
2014-12-04 15:40:58,934 WARN RenameHelpers$ Original File does not exists: 00800027 for Volume: 80 ,Page: 27
2014-12-04 15:40:58,934 WARN RenameHelpers$ Original File does not exists: 00800270 for Volume: 80 ,Page: 270
2014-12-04 15:40:58,934 WARN RenameHelpers$ Original File does not exists: 00800272 for Volume: 80 ,Page: 272
2014-12-04 15:40:58,934 WARN RenameHelpers$ Original File does not exists: 00800273 for Volume: 80 ,Page: 273
2014-12-04 15:40:58,934 WARN RenameHelpers$ Original File does not exists: 00800274 for Volume: 80 ,Page: 274
2014-12-04 15:40:58,934 WARN RenameHelpers$ Original File does not exists: 00800275 for Volume: 80 ,Page: 275
2014-12-04 15:40:58,984 WARN RenameHelpers$ Original File does not exists: 00800276 for Volume: 80 ,Page: 276
2014-12-04 15:40:58,984 WARN RenameHelpers$ Original File does not exists: 00800277 for Volume: 80 ,Page: 277
2014-12-04 15:40:58,984 WARN RenameHelpers$ Original File does not exists: 00800279 for Volume: 80 ,Page: 279
2014-12-04 15:40:58,984 WARN RenameHelpers$ Original File does not exists: 00800279 for Volume: 80 ,Page: 279
2014-12-04 15:40:58,984 WARN RenameHelpers$ Original File does not exists: 00800028 for Volume: 80 ,Page: 28
2014-12-04 15:40:58,984 WARN RenameHelpers$ Original File does not exists: 00800281 for Volume: 80 ,Page: 281
2014-12-04 15:40:58,984 WARN RenameHelpers$ Original File does not exists: 00800282 for Volume: 80 ,Page: 282
2014-12-04 15:40:58,984 WARN RenameHelpers$ Original File does not exists: 00800283 for Volume: 80 ,Page: 283
2014-12-04 15:40:58,984 WARN RenameHelpers$ Original File does not exists: 00800284 for Volume: 80 ,Page: 284
2014-12-04 15:40:58,984 WARN RenameHelpers$ Original File does not exists: 00800286 for Volume: 80 ,Page: 286
2014-12-04 15:40:58,984 WARN RenameHelpers$ Original File does not exists: 00800288 for Volume: 80 ,Page: 288
2014-12-04 15:40:58,984 WARN RenameHelpers$ Original File does not exists: 00800289 for Volume: 80 ,Page: 289
2014-12-04 15:40:58,984 WARN RenameHelpers$ Original File does not exists: 00800029 for Volume: 80 ,Page: 29
2014-12-04 15:40:58,984 WARN RenameHelpers$ Original File does not exists: 00800290 for Volume: 80 ,Page: 290
2014-12-04 15:40:58,984 WARN RenameHelpers$ Original File does not exists: 00800291 for Volume: 80 ,Page: 291
2014-12-04 15:40:58,984 WARN RenameHelpers$ Original File does not exists: 00800291 for Volume: 80 ,Page: 291
2014-12-04 15:40:58,984 WARN RenameHelpers$ Original File does not exists: 00800293 for Volume: 80 ,Page: 293
2014-12-04 15:40:58,984 WARN RenameHelpers$ Original File does not exists: 00800294 for Volume: 80 ,Page: 294
2014-12-04 15:40:58,984 WARN RenameHelpers$ Original File does not exists: 00800295 for Volume: 80 ,Page: 295
2014-12-04 15:40:58,984 WARN RenameHelpers$ Original File does not exists: 00800296 for Volume: 80 ,Page: 296
2014-12-04 15:40:58,984 WARN RenameHelpers$ Original File does not exists: 00800297 for Volume: 80 ,Page: 297
2014-12-04 15:40:58,984 WARN RenameHelpers$ Original File does not exists: 00800298 for Volume: 80 ,Page: 298
2014-12-04 15:40:58,984 WARN RenameHelpers$ Original File does not exists: 00800300 for Volume: 80 ,Page: 300
2014-12-04 15:40:58,984 WARN RenameHelpers$ Original File does not exists: 00800301 for Volume: 80 ,Page: 301
2014-12-04 15:40:58,984 WARN RenameHelpers$ Original File does not exists: 00800303 for Volume: 80 ,Page: 303
2014-12-04 15:40:58,994 WARN RenameHelpers$ Original File does not exists: 00800304 for Volume: 80 ,Page: 304
2014-12-04 15:40:58,994 WARN RenameHelpers$ Original File does not exists: 00800305 for Volume: 80 ,Page: 305
2014-12-04 15:40:58,994 WARN RenameHelpers$ Original File does not exists: 00800307 for Volume: 80 ,Page: 307
2014-12-04 15:40:58,994 WARN RenameHelpers$ Original File does not exists: 00800308 for Volume: 80 ,Page: 308
2014-12-04 15:40:58,994 WARN RenameHelpers$ Original File does not exists: 00800309 for Volume: 80 ,Page: 309
2014-12-04 15:40:58,994 WARN RenameHelpers$ Original File does not exists: 00800311 for Volume: 80 ,Page: 311
2014-12-04 15:40:58,994 WARN RenameHelpers$ Original File does not exists: 00800312 for Volume: 80 ,Page: 312
2014-12-04 15:40:58,994 WARN RenameHelpers$ Original File does not exists: 00800313 for Volume: 80 ,Page: 313
2014-12-04 15:40:58,994 WARN RenameHelpers$ Original File does not exists: 00800315 for Volume: 80 ,Page: 315
2014-12-04 15:40:58,994 WARN RenameHelpers$ Original File does not exists: 00800316 for Volume: 80 ,Page: 316
2014-12-04 15:40:58,994 WARN RenameHelpers$ Original File does not exists: 00800318 for Volume: 80 ,Page: 318
2014-12-04 15:40:58,994 WARN RenameHelpers$ Original File does not exists: 00800319 for Volume: 80 ,Page: 319
2014-12-04 15:40:58,994 WARN RenameHelpers$ Original File does not exists: 00800032 for Volume: 80 ,Page: 32
2014-12-04 15:40:58,994 WARN RenameHelpers$ Original File does not exists: 00800321 for Volume: 80 ,Page: 321
2014-12-04 15:40:58,994 WARN RenameHelpers$ Original File does not exists: 00800322 for Volume: 80 ,Page: 322
2014-12-04 15:40:58,994 WARN RenameHelpers$ Original File does not exists: 00800323 for Volume: 80 ,Page: 323
2014-12-04 15:40:58,994 WARN RenameHelpers$ Original File does not exists: 00800325 for Volume: 80 ,Page: 325
2014-12-04 15:40:58,994 WARN RenameHelpers$ Original File does not exists: 00800326 for Volume: 80 ,Page: 326
2014-12-04 15:40:58,994 WARN RenameHelpers$ Original File does not exists: 00800327 for Volume: 80 ,Page: 327
2014-12-04 15:40:58,994 WARN RenameHelpers$ Original File does not exists: 00800329 for Volume: 80 ,Page: 329
2014-12-04 15:40:58,994 WARN RenameHelpers$ Original File does not exists: 00800033 for Volume: 80 ,Page: 33
2014-12-04 15:40:58,994 WARN RenameHelpers$ Original File does not exists: 00800330 for Volume: 80 ,Page: 330
2014-12-04 15:40:58,994 WARN RenameHelpers$ Original File does not exists: 00800331 for Volume: 80 ,Page: 331
2014-12-04 15:40:58,994 WARN RenameHelpers$ Original File does not exists: 00800034 for Volume: 80 ,Page: 34
2014-12-04 15:40:58,994 WARN RenameHelpers$ Original File does not exists: 00800035 for Volume: 80 ,Page: 35
2014-12-04 15:40:58,994 WARN RenameHelpers$ Original File does not exists: 00800036 for Volume: 80 ,Page: 36
2014-12-04 15:40:58,994 WARN RenameHelpers$ Original File does not exists: 00800038 for Volume: 80 ,Page: 38
2014-12-04 15:40:58,994 WARN RenameHelpers$ Original File does not exists: 00800039 for Volume: 80 ,Page: 39
2014-12-04 15:40:58,994 WARN RenameHelpers$ Original File does not exists: 00800004 for Volume: 80 ,Page: 4
2014-12-04 15:40:59,004 WARN RenameHelpers$ Original File does not exists: 00800040 for Volume: 80 ,Page: 40
2014-12-04 15:40:59,004 WARN RenameHelpers$ Original File does not exists: 00800406 for Volume: 80 ,Page: 406
2014-12-04 15:40:59,004 WARN RenameHelpers$ Original File does not exists: 00800407 for Volume: 80 ,Page: 407
2014-12-04 15:40:59,004 WARN RenameHelpers$ Original File does not exists: 00800041 for Volume: 80 ,Page: 41
2014-12-04 15:40:59,004 WARN RenameHelpers$ Original File does not exists: 00800042 for Volume: 80 ,Page: 42
2014-12-04 15:40:59,004 WARN RenameHelpers$ Original File does not exists: 00800435 for Volume: 80 ,Page: 435
2014-12-04 15:40:59,004 WARN RenameHelpers$ Original File does not exists: 00800437 for Volume: 80 ,Page: 437
2014-12-04 15:40:59,004 WARN RenameHelpers$ Original File does not exists: 00800044 for Volume: 80 ,Page: 44
2014-12-04 15:40:59,004 WARN RenameHelpers$ Original File does not exists: 00800442 for Volume: 80 ,Page: 442
2014-12-04 15:40:59,004 WARN RenameHelpers$ Original File does not exists: 00800045 for Volume: 80 ,Page: 45
2014-12-04 15:40:59,004 WARN RenameHelpers$ Original File does not exists: 00800046 for Volume: 80 ,Page: 46
2014-12-04 15:40:59,004 WARN RenameHelpers$ Original File does not exists: 00800047 for Volume: 80 ,Page: 47
2014-12-04 15:40:59,004 WARN RenameHelpers$ Original File does not exists: 00800048 for Volume: 80 ,Page: 48
2014-12-04 15:40:59,004 WARN RenameHelpers$ Original File does not exists: 00800005 for Volume: 80 ,Page: 5
2014-12-04 15:40:59,004 WARN RenameHelpers$ Original File does not exists: 00800050 for Volume: 80 ,Page: 50
2014-12-04 15:40:59,004 WARN RenameHelpers$ Original File does not exists: 00800051 for Volume: 80 ,Page: 51
2014-12-04 15:40:59,004 WARN RenameHelpers$ Original File does not exists: 00800052 for Volume: 80 ,Page: 52
2014-12-04 15:40:59,004 WARN RenameHelpers$ Original File does not exists: 00800053 for Volume: 80 ,Page: 53
2014-12-04 15:40:59,004 WARN RenameHelpers$ Original File does not exists: 00800054 for Volume: 80 ,Page: 54
2014-12-04 15:40:59,004 WARN RenameHelpers$ Original File does not exists: 00800055 for Volume: 80 ,Page: 55
2014-12-04 15:40:59,004 WARN RenameHelpers$ Original File does not exists: 00800057 for Volume: 80 ,Page: 57
2014-12-04 15:40:59,004 WARN RenameHelpers$ Original File does not exists: 00800058 for Volume: 80 ,Page: 58
2014-12-04 15:40:59,014 WARN RenameHelpers$ Original File does not exists: 00800059 for Volume: 80 ,Page: 59
2014-12-04 15:40:59,014 WARN RenameHelpers$ Original File does not exists: 00800006 for Volume: 80 ,Page: 6
2014-12-04 15:40:59,014 WARN RenameHelpers$ Original File does not exists: 00800061 for Volume: 80 ,Page: 61
2014-12-04 15:40:59,014 WARN RenameHelpers$ Original File does not exists: 00800062 for Volume: 80 ,Page: 62
2014-12-04 15:40:59,014 WARN RenameHelpers$ Original File does not exists: 00800064 for Volume: 80 ,Page: 64
2014-12-04 15:40:59,014 WARN RenameHelpers$ Original File does not exists: 00800066 for Volume: 80 ,Page: 66
2014-12-04 15:40:59,014 WARN RenameHelpers$ Original File does not exists: 00800067 for Volume: 80 ,Page: 67
2014-12-04 15:40:59,014 WARN RenameHelpers$ Original File does not exists: 00800068 for Volume: 80 ,Page: 68
2014-12-04 15:40:59,014 WARN RenameHelpers$ Original File does not exists: 00800071 for Volume: 80 ,Page: 71
2014-12-04 15:40:59,014 WARN RenameHelpers$ Original File does not exists: 00800074 for Volume: 80 ,Page: 74
2014-12-04 15:40:59,014 WARN RenameHelpers$ Original File does not exists: 00800075 for Volume: 80 ,Page: 75
2014-12-04 15:40:59,014 WARN RenameHelpers$ Original File does not exists: 00800078 for Volume: 80 ,Page: 78
2014-12-04 15:40:59,014 WARN RenameHelpers$ Original File does not exists: 00800079 for Volume: 80 ,Page: 79
2014-12-04 15:40:59,014 WARN RenameHelpers$ Original File does not exists: 00800008 for Volume: 80 ,Page: 8
2014-12-04 15:40:59,014 WARN RenameHelpers$ Original File does not exists: 00800080 for Volume: 80 ,Page: 80
2014-12-04 15:40:59,014 WARN RenameHelpers$ Original File does not exists: 00800081 for Volume: 80 ,Page: 81
2014-12-04 15:40:59,014 WARN RenameHelpers$ Original File does not exists: 00800082 for Volume: 80 ,Page: 82
2014-12-04 15:40:59,014 WARN RenameHelpers$ Original File does not exists: 00800083 for Volume: 80 ,Page: 83
2014-12-04 15:40:59,014 WARN RenameHelpers$ Original File does not exists: 00800084 for Volume: 80 ,Page: 84
2014-12-04 15:40:59,014 WARN RenameHelpers$ Original File does not exists: 00800085 for Volume: 80 ,Page: 85
2014-12-04 15:40:59,014 WARN RenameHelpers$ Original File does not exists: 00800086 for Volume: 80 ,Page: 86
2014-12-04 15:40:59,024 WARN RenameHelpers$ Original File does not exists: 00800087 for Volume: 80 ,Page: 87
2014-12-04 15:40:59,024 WARN RenameHelpers$ Original File does not exists: 00800088 for Volume: 80 ,Page: 88
2014-12-04 15:40:59,024 WARN RenameHelpers$ Original File does not exists: 00800009 for Volume: 80 ,Page: 9
2014-12-04 15:40:59,024 WARN RenameHelpers$ Original File does not exists: 00800090 for Volume: 80 ,Page: 90
2014-12-04 15:40:59,024 WARN RenameHelpers$ Original File does not exists: 00800091 for Volume: 80 ,Page: 91
2014-12-04 15:40:59,024 WARN RenameHelpers$ Original File does not exists: 00800092 for Volume: 80 ,Page: 92
2014-12-04 15:40:59,024 WARN RenameHelpers$ Original File does not exists: 00800093 for Volume: 80 ,Page: 93
2014-12-04 15:40:59,024 WARN RenameHelpers$ Original File does not exists: 00800095 for Volume: 80 ,Page: 95
2014-12-04 15:40:59,024 WARN RenameHelpers$ Original File does not exists: 00800096 for Volume: 80 ,Page: 96
2014-12-04 15:40:59,024 WARN RenameHelpers$ Original File does not exists: 00800097 for Volume: 80 ,Page: 97
2014-12-04 15:40:59,024 WARN RenameHelpers$ Original File does not exists: 00800099 for Volume: 80 ,Page: 99
2014-12-04 15:40:59,024 WARN RenameHelpers$ Original File does not exists: 00810001 for Volume: 81 ,Page: 1
2014-12-04 15:40:59,024 WARN RenameHelpers$ Original File does not exists: 00810010 for Volume: 81 ,Page: 10
2014-12-04 15:40:59,024 WARN RenameHelpers$ Original File does not exists: 00810101 for Volume: 81 ,Page: 101
2014-12-04 15:40:59,024 WARN RenameHelpers$ Original File does not exists: 00810102 for Volume: 81 ,Page: 102
2014-12-04 15:40:59,024 WARN RenameHelpers$ Original File does not exists: 00810105 for Volume: 81 ,Page: 105
2014-12-04 15:40:59,024 WARN RenameHelpers$ Original File does not exists: 00810106 for Volume: 81 ,Page: 106
2014-12-04 15:40:59,024 WARN RenameHelpers$ Original File does not exists: 00810108 for Volume: 81 ,Page: 108
2014-12-04 15:40:59,024 WARN RenameHelpers$ Original File does not exists: 00810113 for Volume: 81 ,Page: 113
2014-12-04 15:40:59,024 WARN RenameHelpers$ Original File does not exists: 00810114 for Volume: 81 ,Page: 114
2014-12-04 15:40:59,024 WARN RenameHelpers$ Original File does not exists: 00810116 for Volume: 81 ,Page: 116
2014-12-04 15:40:59,024 WARN RenameHelpers$ Original File does not exists: 00810117 for Volume: 81 ,Page: 117
2014-12-04 15:40:59,024 WARN RenameHelpers$ Original File does not exists: 00810118 for Volume: 81 ,Page: 118
2014-12-04 15:40:59,024 WARN RenameHelpers$ Original File does not exists: 00810119 for Volume: 81 ,Page: 119
2014-12-04 15:40:59,024 WARN RenameHelpers$ Original File does not exists: 00810012 for Volume: 81 ,Page: 12
2014-12-04 15:40:59,024 WARN RenameHelpers$ Original File does not exists: 00810120 for Volume: 81 ,Page: 120
2014-12-04 15:40:59,024 WARN RenameHelpers$ Original File does not exists: 00810121 for Volume: 81 ,Page: 121
2014-12-04 15:40:59,024 WARN RenameHelpers$ Original File does not exists: 00810122 for Volume: 81 ,Page: 122
2014-12-04 15:40:59,024 WARN RenameHelpers$ Original File does not exists: 00810123 for Volume: 81 ,Page: 123
2014-12-04 15:40:59,024 WARN RenameHelpers$ Original File does not exists: 00810124 for Volume: 81 ,Page: 124
2014-12-04 15:40:59,024 WARN RenameHelpers$ Original File does not exists: 00810126 for Volume: 81 ,Page: 126
2014-12-04 15:40:59,024 WARN RenameHelpers$ Original File does not exists: 00810127 for Volume: 81 ,Page: 127
2014-12-04 15:40:59,034 WARN RenameHelpers$ Original File does not exists: 00810129 for Volume: 81 ,Page: 129
2014-12-04 15:40:59,034 WARN RenameHelpers$ Original File does not exists: 00810013 for Volume: 81 ,Page: 13
2014-12-04 15:40:59,034 WARN RenameHelpers$ Original File does not exists: 00810130 for Volume: 81 ,Page: 130
2014-12-04 15:40:59,034 WARN RenameHelpers$ Original File does not exists: 00810131 for Volume: 81 ,Page: 131
2014-12-04 15:40:59,034 WARN RenameHelpers$ Original File does not exists: 00810133 for Volume: 81 ,Page: 133
2014-12-04 15:40:59,034 WARN RenameHelpers$ Original File does not exists: 00810133 for Volume: 81 ,Page: 133
2014-12-04 15:40:59,034 WARN RenameHelpers$ Original File does not exists: 00810135 for Volume: 81 ,Page: 135
2014-12-04 15:40:59,034 WARN RenameHelpers$ Original File does not exists: 00810136 for Volume: 81 ,Page: 136
2014-12-04 15:40:59,034 WARN RenameHelpers$ Original File does not exists: 00810137 for Volume: 81 ,Page: 137
2014-12-04 15:40:59,034 WARN RenameHelpers$ Original File does not exists: 00810138 for Volume: 81 ,Page: 138
2014-12-04 15:40:59,034 WARN RenameHelpers$ Original File does not exists: 00810140 for Volume: 81 ,Page: 140
2014-12-04 15:40:59,034 WARN RenameHelpers$ Original File does not exists: 00810143 for Volume: 81 ,Page: 143
2014-12-04 15:40:59,034 WARN RenameHelpers$ Original File does not exists: 00810144 for Volume: 81 ,Page: 144
2014-12-04 15:40:59,034 WARN RenameHelpers$ Original File does not exists: 00810146 for Volume: 81 ,Page: 146
2014-12-04 15:40:59,034 WARN RenameHelpers$ Original File does not exists: 00810147 for Volume: 81 ,Page: 147
2014-12-04 15:40:59,034 WARN RenameHelpers$ Original File does not exists: 00810148 for Volume: 81 ,Page: 148
2014-12-04 15:40:59,034 WARN RenameHelpers$ Original File does not exists: 00810015 for Volume: 81 ,Page: 15
2014-12-04 15:40:59,034 WARN RenameHelpers$ Original File does not exists: 00810150 for Volume: 81 ,Page: 150
2014-12-04 15:40:59,034 WARN RenameHelpers$ Original File does not exists: 00810151 for Volume: 81 ,Page: 151
2014-12-04 15:40:59,034 WARN RenameHelpers$ Original File does not exists: 00810152 for Volume: 81 ,Page: 152
2014-12-04 15:40:59,034 WARN RenameHelpers$ Original File does not exists: 00810153 for Volume: 81 ,Page: 153
2014-12-04 15:40:59,034 WARN RenameHelpers$ Original File does not exists: 00810154 for Volume: 81 ,Page: 154
2014-12-04 15:40:59,044 WARN RenameHelpers$ Original File does not exists: 00810155 for Volume: 81 ,Page: 155
2014-12-04 15:40:59,044 WARN RenameHelpers$ Original File does not exists: 00810156 for Volume: 81 ,Page: 156
2014-12-04 15:40:59,044 WARN RenameHelpers$ Original File does not exists: 00810159 for Volume: 81 ,Page: 159
2014-12-04 15:40:59,044 WARN RenameHelpers$ Original File does not exists: 00810016 for Volume: 81 ,Page: 16
2014-12-04 15:40:59,044 WARN RenameHelpers$ Original File does not exists: 00810160 for Volume: 81 ,Page: 160
2014-12-04 15:40:59,044 WARN RenameHelpers$ Original File does not exists: 00810162 for Volume: 81 ,Page: 162
2014-12-04 15:40:59,044 WARN RenameHelpers$ Original File does not exists: 00810172 for Volume: 81 ,Page: 172
2014-12-04 15:40:59,044 WARN RenameHelpers$ Original File does not exists: 00810018 for Volume: 81 ,Page: 18
2014-12-04 15:40:59,044 WARN RenameHelpers$ Original File does not exists: 00810019 for Volume: 81 ,Page: 19
2014-12-04 15:40:59,044 WARN RenameHelpers$ Original File does not exists: 00810002 for Volume: 81 ,Page: 2
2014-12-04 15:40:59,044 WARN RenameHelpers$ Original File does not exists: 00810020 for Volume: 81 ,Page: 20
2014-12-04 15:40:59,044 WARN RenameHelpers$ Original File does not exists: 00810021 for Volume: 81 ,Page: 21
2014-12-04 15:40:59,044 WARN RenameHelpers$ Original File does not exists: 00810023 for Volume: 81 ,Page: 23
2014-12-04 15:40:59,044 WARN RenameHelpers$ Original File does not exists: 00810025 for Volume: 81 ,Page: 25
2014-12-04 15:40:59,044 WARN RenameHelpers$ Original File does not exists: 00810026 for Volume: 81 ,Page: 26
2014-12-04 15:40:59,044 WARN RenameHelpers$ Original File does not exists: 00810028 for Volume: 81 ,Page: 28
2014-12-04 15:40:59,044 WARN RenameHelpers$ Original File does not exists: 00810028 for Volume: 81 ,Page: 28
2014-12-04 15:40:59,044 WARN RenameHelpers$ Original File does not exists: 00810031 for Volume: 81 ,Page: 31
2014-12-04 15:40:59,044 WARN RenameHelpers$ Original File does not exists: 00810032 for Volume: 81 ,Page: 32
2014-12-04 15:40:59,044 WARN RenameHelpers$ Original File does not exists: 00810033 for Volume: 81 ,Page: 33
2014-12-04 15:40:59,044 WARN RenameHelpers$ Original File does not exists: 00810035 for Volume: 81 ,Page: 35
2014-12-04 15:40:59,044 WARN RenameHelpers$ Original File does not exists: 00810035 for Volume: 81 ,Page: 35
2014-12-04 15:40:59,044 WARN RenameHelpers$ Original File does not exists: 00810037 for Volume: 81 ,Page: 37
2014-12-04 15:40:59,044 WARN RenameHelpers$ Original File does not exists: 00810038 for Volume: 81 ,Page: 38
2014-12-04 15:40:59,044 WARN RenameHelpers$ Original File does not exists: 00810004 for Volume: 81 ,Page: 4
2014-12-04 15:40:59,044 WARN RenameHelpers$ Original File does not exists: 00810040 for Volume: 81 ,Page: 40
2014-12-04 15:40:59,045 WARN RenameHelpers$ Original File does not exists: 00810041 for Volume: 81 ,Page: 41
2014-12-04 15:40:59,045 WARN RenameHelpers$ Original File does not exists: 00810042 for Volume: 81 ,Page: 42
2014-12-04 15:40:59,045 WARN RenameHelpers$ Original File does not exists: 00810044 for Volume: 81 ,Page: 44
2014-12-04 15:40:59,045 WARN RenameHelpers$ Original File does not exists: 00810045 for Volume: 81 ,Page: 45
2014-12-04 15:40:59,045 WARN RenameHelpers$ Original File does not exists: 00810046 for Volume: 81 ,Page: 46
2014-12-04 15:40:59,045 WARN RenameHelpers$ Original File does not exists: 00810048 for Volume: 81 ,Page: 48
2014-12-04 15:40:59,045 WARN RenameHelpers$ Original File does not exists: 00810049 for Volume: 81 ,Page: 49
2014-12-04 15:40:59,045 WARN RenameHelpers$ Original File does not exists: 00810050 for Volume: 81 ,Page: 50
2014-12-04 15:40:59,045 WARN RenameHelpers$ Original File does not exists: 00810052 for Volume: 81 ,Page: 52
2014-12-04 15:40:59,045 WARN RenameHelpers$ Original File does not exists: 00810053 for Volume: 81 ,Page: 53
2014-12-04 15:40:59,045 WARN RenameHelpers$ Original File does not exists: 00810055 for Volume: 81 ,Page: 55
2014-12-04 15:40:59,045 WARN RenameHelpers$ Original File does not exists: 00810057 for Volume: 81 ,Page: 57
2014-12-04 15:40:59,045 WARN RenameHelpers$ Original File does not exists: 00810059 for Volume: 81 ,Page: 59
2014-12-04 15:40:59,045 WARN RenameHelpers$ Original File does not exists: 00810061 for Volume: 81 ,Page: 61
2014-12-04 15:40:59,045 WARN RenameHelpers$ Original File does not exists: 00810062 for Volume: 81 ,Page: 62
2014-12-04 15:40:59,045 WARN RenameHelpers$ Original File does not exists: 00810065 for Volume: 81 ,Page: 65
2014-12-04 15:40:59,045 WARN RenameHelpers$ Original File does not exists: 00810066 for Volume: 81 ,Page: 66
2014-12-04 15:40:59,045 WARN RenameHelpers$ Original File does not exists: 00810067 for Volume: 81 ,Page: 67
2014-12-04 15:40:59,045 WARN RenameHelpers$ Original File does not exists: 00810069 for Volume: 81 ,Page: 69
2014-12-04 15:40:59,045 WARN RenameHelpers$ Original File does not exists: 00810070 for Volume: 81 ,Page: 70
2014-12-04 15:40:59,045 WARN RenameHelpers$ Original File does not exists: 00810071 for Volume: 81 ,Page: 71
2014-12-04 15:40:59,045 WARN RenameHelpers$ Original File does not exists: 00810072 for Volume: 81 ,Page: 72
2014-12-04 15:40:59,045 WARN RenameHelpers$ Original File does not exists: 00810073 for Volume: 81 ,Page: 73
2014-12-04 15:40:59,045 WARN RenameHelpers$ Original File does not exists: 00810074 for Volume: 81 ,Page: 74
2014-12-04 15:40:59,046 WARN RenameHelpers$ Original File does not exists: 00810075 for Volume: 81 ,Page: 75
2014-12-04 15:40:59,046 WARN RenameHelpers$ Original File does not exists: 00810076 for Volume: 81 ,Page: 76
2014-12-04 15:40:59,047 WARN RenameHelpers$ Original File does not exists: 00810077 for Volume: 81 ,Page: 77
2014-12-04 15:40:59,047 WARN RenameHelpers$ Original File does not exists: 00810079 for Volume: 81 ,Page: 79
2014-12-04 15:40:59,048 WARN RenameHelpers$ Original File does not exists: 00810008 for Volume: 81 ,Page: 8
2014-12-04 15:40:59,048 WARN RenameHelpers$ Original File does not exists: 00810008 for Volume: 81 ,Page: 8
2014-12-04 15:40:59,048 WARN RenameHelpers$ Original File does not exists: 00810080 for Volume: 81 ,Page: 80
2014-12-04 15:40:59,052 WARN RenameHelpers$ Original File does not exists: 00810081 for Volume: 81 ,Page: 81
2014-12-04 15:40:59,053 WARN RenameHelpers$ Original File does not exists: 00810083 for Volume: 81 ,Page: 83
2014-12-04 15:40:59,053 WARN RenameHelpers$ Original File does not exists: 00810085 for Volume: 81 ,Page: 85
2014-12-04 15:40:59,054 WARN RenameHelpers$ Original File does not exists: 00810086 for Volume: 81 ,Page: 86
2014-12-04 15:40:59,054 WARN RenameHelpers$ Original File does not exists: 00810087 for Volume: 81 ,Page: 87
2014-12-04 15:40:59,054 WARN RenameHelpers$ Original File does not exists: 00810088 for Volume: 81 ,Page: 88
2014-12-04 15:40:59,055 WARN RenameHelpers$ Original File does not exists: 00810089 for Volume: 81 ,Page: 89
2014-12-04 15:40:59,055 WARN RenameHelpers$ Original File does not exists: 00810090 for Volume: 81 ,Page: 90
2014-12-04 15:40:59,055 WARN RenameHelpers$ Original File does not exists: 00810092 for Volume: 81 ,Page: 92
2014-12-04 15:40:59,056 WARN RenameHelpers$ Original File does not exists: 00810093 for Volume: 81 ,Page: 93
2014-12-04 15:40:59,056 WARN RenameHelpers$ Original File does not exists: 00810094 for Volume: 81 ,Page: 94
2014-12-04 15:40:59,056 WARN RenameHelpers$ Original File does not exists: 00810095 for Volume: 81 ,Page: 95
2014-12-04 15:40:59,057 WARN RenameHelpers$ Original File does not exists: 00810097 for Volume: 81 ,Page: 97
2014-12-04 15:40:59,057 WARN RenameHelpers$ Original File does not exists: 00810099 for Volume: 81 ,Page: 99
